<?xml version='1.0' encoding='UTF-8'?>
<testsuite hostname="NicksStinacMBP2.fios-router.home" name="lms.koika.InterpCTest" tests="7" errors="0" failures="2" skipped="0" time="0.589" timestamp="2022-06-13T15:29:21">
          <properties>
[...]
</properties>
          <testcase classname="lms.koika.InterpCTest" name="struct 1" time="0.311">
                      <failure message="&quot;...&lt;stdlib.h&gt;
#include [&lt;state.h&gt;
#include &lt;stdio.h&gt;
#include &lt;stdint.h&gt;
#include &lt;stdbool.h&gt;
/**************** Snippet ****************/
int Snippet(int x0) {
  myStruct_t x1;
  return myStruct_getField](x1);
}
/***********...&quot; did not equal &quot;...&lt;stdlib.h&gt;
#include [&quot;state.h&quot;
#include &lt;stdio.h&gt;
#include &lt;stdint.h&gt;
#include &lt;stdbool.h&gt;
/**************** Snippet ****************/
int Snippet(int x0) {
  state_t x1;
  set_state_pc(x1, 5);
  return state_epoch](x1);
}
/***********...&quot; src/out/interpc_struct_1.check.c" type="org.scalatest.exceptions.TestFailedException">org.scalatest.exceptions.TestFailedException: &quot;...&lt;stdlib.h&gt;
#include [&lt;state.h&gt;
#include &lt;stdio.h&gt;
#include &lt;stdint.h&gt;
#include &lt;stdbool.h&gt;
/**************** Snippet ****************/
int Snippet(int x0) {
  myStruct_t x1;
  return myStruct_getField](x1);
}
/***********...&quot; did not equal &quot;...&lt;stdlib.h&gt;
#include [&quot;state.h&quot;
#include &lt;stdio.h&gt;
#include &lt;stdint.h&gt;
#include &lt;stdbool.h&gt;
/**************** Snippet ****************/
int Snippet(int x0) {
  state_t x1;
  set_state_pc(x1, 5);
  return state_epoch](x1);
}
/***********...&quot; src/out/interpc_struct_1.check.c
	at org.scalatest.Assertions.newAssertionFailedException(Assertions.scala:528)
	at org.scalatest.Assertions.newAssertionFailedException$(Assertions.scala:527)
	at org.scalatest.FunSuite.newAssertionFailedException(FunSuite.scala:1560)
	at org.scalatest.Assertions$AssertionsHelper.macroAssert(Assertions.scala:501)
	at lms.koika.TutorialFunSuite.check(utils.scala:64)
	at lms.koika.TutorialFunSuite.check$(utils.scala:47)
	at lms.koika.InterpCTest.check(interpc.scala:15)
	at lms.koika.InterpCTest.$anonfun$new$1(interpc.scala:177)
	at lms.core.utils$.time(utils.scala:20)
	at lms.koika.TutorialFunSuite.$anonfun$test$2(utils.scala:20)
	at lms.core.utils$.time(utils.scala:20)
	at lms.koika.TutorialFunSuite.$anonfun$test$1(utils.scala:20)
	at org.scalatest.OutcomeOf.outcomeOf(OutcomeOf.scala:85)
	at org.scalatest.OutcomeOf.outcomeOf$(OutcomeOf.scala:83)
	at org.scalatest.OutcomeOf$.outcomeOf(OutcomeOf.scala:104)
	at org.scalatest.Transformer.apply(Transformer.scala:22)
	at org.scalatest.Transformer.apply(Transformer.scala:20)
	at org.scalatest.FunSuiteLike$$anon$1.apply(FunSuiteLike.scala:186)
	at org.scalatest.TestSuite.withFixture(TestSuite.scala:196)
	at org.scalatest.TestSuite.withFixture$(TestSuite.scala:195)
	at org.scalatest.FunSuite.withFixture(FunSuite.scala:1560)
	at org.scalatest.FunSuiteLike.invokeWithFixture$1(FunSuiteLike.scala:184)
	at org.scalatest.FunSuiteLike.$anonfun$runTest$1(FunSuiteLike.scala:196)
	at org.scalatest.SuperEngine.runTestImpl(Engine.scala:289)
	at org.scalatest.FunSuiteLike.runTest(FunSuiteLike.scala:196)
	at org.scalatest.FunSuiteLike.runTest$(FunSuiteLike.scala:178)
	at org.scalatest.FunSuite.runTest(FunSuite.scala:1560)
	at org.scalatest.FunSuiteLike.$anonfun$runTests$1(FunSuiteLike.scala:229)
	at org.scalatest.SuperEngine.$anonfun$runTestsInBranch$1(Engine.scala:396)
	at scala.collection.immutable.List.foreach(List.scala:392)
	at org.scalatest.SuperEngine.traverseSubNodes$1(Engine.scala:384)
	at org.scalatest.SuperEngine.runTestsInBranch(Engine.scala:379)
	at org.scalatest.SuperEngine.runTestsImpl(Engine.scala:461)
	at org.scalatest.FunSuiteLike.runTests(FunSuiteLike.scala:229)
	at org.scalatest.FunSuiteLike.runTests$(FunSuiteLike.scala:228)
	at org.scalatest.FunSuite.runTests(FunSuite.scala:1560)
	at org.scalatest.Suite.run(Suite.scala:1147)
	at org.scalatest.Suite.run$(Suite.scala:1129)
	at org.scalatest.FunSuite.org$scalatest$FunSuiteLike$$super$run(FunSuite.scala:1560)
	at org.scalatest.FunSuiteLike.$anonfun$run$1(FunSuiteLike.scala:233)
	at org.scalatest.SuperEngine.runImpl(Engine.scala:521)
	at org.scalatest.FunSuiteLike.run(FunSuiteLike.scala:233)
	at org.scalatest.FunSuiteLike.run$(FunSuiteLike.scala:232)
	at org.scalatest.FunSuite.run(FunSuite.scala:1560)
	at org.scalatest.tools.Framework.org$scalatest$tools$Framework$$runSuite(Framework.scala:314)
	at org.scalatest.tools.Framework$ScalaTestTask.execute(Framework.scala:507)
	at sbt.TestRunner.runTest$1(TestFramework.scala:146)
	at sbt.TestRunner.run(TestFramework.scala:161)
	at sbt.TestFramework$$anon$3$$anonfun$$lessinit$greater$1.$anonfun$apply$1(TestFramework.scala:324)
	at sbt.TestFramework$.sbt$TestFramework$$withContextLoader(TestFramework.scala:284)
	at sbt.TestFramework$$anon$3$$anonfun$$lessinit$greater$1.apply(TestFramework.scala:324)
	at sbt.TestFramework$$anon$3$$anonfun$$lessinit$greater$1.apply(TestFramework.scala:324)
	at sbt.TestFunction.apply(TestFramework.scala:336)
	at sbt.Tests$.processRunnable$1(Tests.scala:474)
	at sbt.Tests$.$anonfun$makeSerial$1(Tests.scala:480)
	at sbt.std.Transform$$anon$3.$anonfun$apply$2(Transform.scala:46)
	at sbt.std.Transform$$anon$4.work(Transform.scala:68)
	at sbt.Execute.$anonfun$submit$2(Execute.scala:282)
	at sbt.internal.util.ErrorHandling$.wideConvert(ErrorHandling.scala:23)
	at sbt.Execute.work(Execute.scala:291)
	at sbt.Execute.$anonfun$submit$1(Execute.scala:282)
	at sbt.ConcurrentRestrictions$$anon$4.$anonfun$submitValid$1(ConcurrentRestrictions.scala:265)
	at sbt.CompletionService$$anon$2.call(CompletionService.scala:64)
	at java.util.concurrent.FutureTask.run(FutureTask.java:266)
	at java.util.concurrent.Executors$RunnableAdapter.call(Executors.java:511)
	at java.util.concurrent.FutureTask.run(FutureTask.java:266)
	at java.util.concurrent.ThreadPoolExecutor.runWorker(ThreadPoolExecutor.java:1149)
	at java.util.concurrent.ThreadPoolExecutor$Worker.run(ThreadPoolExecutor.java:624)
	at java.lang.Thread.run(Thread.java:750)
</failure>
                    </testcase><testcase classname="lms.koika.InterpCTest" name="interp 1" time="0.011">
                      
                    </testcase><testcase classname="lms.koika.InterpCTest" name="interp 2" time="0.024">
                      
                    </testcase><testcase classname="lms.koika.InterpCTest" name="interp 3" time="0.053">
                      
                    </testcase><testcase classname="lms.koika.InterpCTest" name="interp 4" time="0.042">
                      
                    </testcase><testcase classname="lms.koika.InterpCTest" name="interp 5" time="0.12">
                      
                    </testcase><testcase classname="lms.koika.InterpCTest" name="interp 6" time="0.028">
                      <failure message="&quot;...t ****************/
[interpctest.type#lms.koika.interpctest$statet Snippet(interpctest.type#lms.koika.interpctest$statet x0) {
  set_state_pc(x0, 0);
  if (state_f2d_valid(x0) == 0) {
    set_state_f2d_valid(x0, 1);
    set_state_f2d_epoch(x0, state_epoch(x0));
    int x1 = state_btb(x0);
    set_state_f2d_pc(x0, state_pc(x0));
    set_state_f2d_ppc(x0, x1);
    set_state_pc(x0, x1);
  }
  if (state_f2d_valid(x0) == 1) if (state_f2d_epoch(x0) == state_epoch(x0)) {
    int x2 = state_f2d_pc(x0);
    int x3 = state_f2d_ppc(x0);
    set_state_f2d_valid(x0, 0);
    if (x2 == 0) {
      set_state_reg(x0, 0, state_reg(x0, 0) + state_reg(x0, 0));
      if (x3 != 1) {
        set_state_pc(x0, 1);
        set_state_epoch(x0, ~(state_epoch(x0)));
      }
    }
    if (x2 == 1) {
      set_state_btb(x0, state_reg(x0, 0), 1);
      if (state_reg(x0, 0) == 0) if (x3 != 0) {
        set_state_pc(x0, 0);
        set_state_epoch(x0, ~(state_epoch(x0)));
      }
      else if (x3 != 2) {
        set_state_pc(x0, 2);
        set_state_epoch(x0, ~(state_epoch(x0)));
      }
    }
  } else set_state_f2d_valid(x0, 0);
  if (state_f2d_valid(x0) == 0) {
    set_state_f2d_valid(x0, 1);
    set_state_f2d_epoch(x0, state_epoch(x0));
    int x4 = state_btb(x0);
    set_state_f2d_pc(x0, state_pc(x0));
    set_state_f2d_ppc(x0, x4);
    set_state_pc(x0, x4);
  }
  if (state_f2d_valid(x0) == 1) if (state_f2d_epoch(x0) == state_epoch(x0)) {
    int x5 = state_f2d_pc(x0);
    int x6 = state_f2d_ppc(x0);
    set_state_f2d_valid(x0, 0);
    if (x5 == 0) {
      set_state_reg(x0, 0, state_reg(x0, 0) + state_reg(x0, 0));
      if (x6 != 1) {
        set_state_pc(x0, 1);
        set_state_epoch(x0, ~(state_epoch(x0)));
      }
    }
    if (x5 == 1) {
      set_state_btb(x0, state_reg(x0, 0), 1);
      if (state_reg(x0, 0) == 0) if (x6 != 0) {
        set_state_pc(x0, 0);
        set_state_epoch(x0, ~(state_epoch(x0)));
      }
      else if (x6 != 2) {
        set_state_pc(x0, 2);
        set_state_epoch(x0, ~(state_epoch(x0)));
      }
    }
  } else set_state_f2d_valid(x0, 0);
  if (state_f2d_valid(x0) == 0) {
    set_state_f2d_valid(x0, 1);
    set_state_f2d_epoch(x0, state_epoch(x0));
    int x7 = state_btb(x0);
    set_state_f2d_pc(x0, state_pc(x0));
    set_state_f2d_ppc(x0, x7);
    set_state_pc(x0, x7);
  }
  if (state_f2d_valid(x0) == 1) if (state_f2d_epoch(x0) == state_epoch(x0)) {
    int x8 = state_f2d_pc(x0);
    int x9 = state_f2d_ppc(x0);
    set_state_f2d_valid(x0, 0);
    if (x8 == 0) {
      set_state_reg(x0, 0, state_reg(x0, 0) + state_reg(x0, 0));
      if (x9 != 1) {
        set_state_pc(x0, 1);
        set_state_epoch(x0, ~(state_epoch(x0)));
      }
    }
    if (x8 == 1) {
      set_state_btb(x0, state_reg(x0, 0), 1);
      if (state_reg(x0, 0) == 0) if (x9 != 0) {
        set_state_pc(x0, 0);
        set_state_epoch(x0, ~(state_epoch(x0)));
      }
      else if (x9 != 2) {
        set_state_pc(x0, 2);
        set_state_epoch(x0, ~(state_epoch(x0)));
      }
    }
  } else set_state_f2d_valid(x0, 0);
  if (state_f2d_valid(x0) == 0) {
    set_state_f2d_valid(x0, 1);
    set_state_f2d_epoch(x0, state_epoch(x0));
    int x10 = state_btb(x0);
    set_state_f2d_pc(x0, state_pc(x0));
    set_state_f2d_ppc(x0, x10);
    set_state_pc(x0, x10);
  }
  if (state_f2d_valid(x0) == 1) if (state_f2d_epoch(x0) == state_epoch(x0)) {
    int x11 = state_f2d_pc(x0);
    int x12 = state_f2d_ppc(x0);
    set_state_f2d_valid(x0, 0);
    if (x11 == 0) {
      set_state_reg(x0, 0, state_reg(x0, 0) + state_reg(x0, 0));
      if (x12 != 1) {
        set_state_pc(x0, 1);
        set_state_epoch(x0, ~(state_epoch(x0)));
      }
    }
    if (x11 == 1) {
      set_state_btb(x0, state_reg(x0, 0), 1);
      if (state_reg(x0, 0) == 0) if (x12 != 0) {
        set_state_pc(x0, 0);
        set_state_epoch(x0, ~(state_epoch(x0)));
      }
      else if (x12 != 2) {
        set_state_pc(x0, 2);
        set_state_epoch(x0, ~(state_epoch(x0)));
      }
    }
  } else set_state_f2d_valid(x0, 0);
  return x0];
}
/***************...&quot; did not equal &quot;...t ****************/
[bool Snippet(bool* x0) {
  bool x1 = x0[0];
  bool x2 = false;
  x0[1] = true;
  if (x1) {} else x2 = true;
  if (x2) x0[2] = true;
  else x0[2] = false;
  return x0[2]];
}
/***************...&quot; src/out/interpc_6.check.c" type="org.scalatest.exceptions.TestFailedException">org.scalatest.exceptions.TestFailedException: &quot;...t ****************/
[interpctest.type#lms.koika.interpctest$statet Snippet(interpctest.type#lms.koika.interpctest$statet x0) {
  set_state_pc(x0, 0);
  if (state_f2d_valid(x0) == 0) {
    set_state_f2d_valid(x0, 1);
    set_state_f2d_epoch(x0, state_epoch(x0));
    int x1 = state_btb(x0);
    set_state_f2d_pc(x0, state_pc(x0));
    set_state_f2d_ppc(x0, x1);
    set_state_pc(x0, x1);
  }
  if (state_f2d_valid(x0) == 1) if (state_f2d_epoch(x0) == state_epoch(x0)) {
    int x2 = state_f2d_pc(x0);
    int x3 = state_f2d_ppc(x0);
    set_state_f2d_valid(x0, 0);
    if (x2 == 0) {
      set_state_reg(x0, 0, state_reg(x0, 0) + state_reg(x0, 0));
      if (x3 != 1) {
        set_state_pc(x0, 1);
        set_state_epoch(x0, ~(state_epoch(x0)));
      }
    }
    if (x2 == 1) {
      set_state_btb(x0, state_reg(x0, 0), 1);
      if (state_reg(x0, 0) == 0) if (x3 != 0) {
        set_state_pc(x0, 0);
        set_state_epoch(x0, ~(state_epoch(x0)));
      }
      else if (x3 != 2) {
        set_state_pc(x0, 2);
        set_state_epoch(x0, ~(state_epoch(x0)));
      }
    }
  } else set_state_f2d_valid(x0, 0);
  if (state_f2d_valid(x0) == 0) {
    set_state_f2d_valid(x0, 1);
    set_state_f2d_epoch(x0, state_epoch(x0));
    int x4 = state_btb(x0);
    set_state_f2d_pc(x0, state_pc(x0));
    set_state_f2d_ppc(x0, x4);
    set_state_pc(x0, x4);
  }
  if (state_f2d_valid(x0) == 1) if (state_f2d_epoch(x0) == state_epoch(x0)) {
    int x5 = state_f2d_pc(x0);
    int x6 = state_f2d_ppc(x0);
    set_state_f2d_valid(x0, 0);
    if (x5 == 0) {
      set_state_reg(x0, 0, state_reg(x0, 0) + state_reg(x0, 0));
      if (x6 != 1) {
        set_state_pc(x0, 1);
        set_state_epoch(x0, ~(state_epoch(x0)));
      }
    }
    if (x5 == 1) {
      set_state_btb(x0, state_reg(x0, 0), 1);
      if (state_reg(x0, 0) == 0) if (x6 != 0) {
        set_state_pc(x0, 0);
        set_state_epoch(x0, ~(state_epoch(x0)));
      }
      else if (x6 != 2) {
        set_state_pc(x0, 2);
        set_state_epoch(x0, ~(state_epoch(x0)));
      }
    }
  } else set_state_f2d_valid(x0, 0);
  if (state_f2d_valid(x0) == 0) {
    set_state_f2d_valid(x0, 1);
    set_state_f2d_epoch(x0, state_epoch(x0));
    int x7 = state_btb(x0);
    set_state_f2d_pc(x0, state_pc(x0));
    set_state_f2d_ppc(x0, x7);
    set_state_pc(x0, x7);
  }
  if (state_f2d_valid(x0) == 1) if (state_f2d_epoch(x0) == state_epoch(x0)) {
    int x8 = state_f2d_pc(x0);
    int x9 = state_f2d_ppc(x0);
    set_state_f2d_valid(x0, 0);
    if (x8 == 0) {
      set_state_reg(x0, 0, state_reg(x0, 0) + state_reg(x0, 0));
      if (x9 != 1) {
        set_state_pc(x0, 1);
        set_state_epoch(x0, ~(state_epoch(x0)));
      }
    }
    if (x8 == 1) {
      set_state_btb(x0, state_reg(x0, 0), 1);
      if (state_reg(x0, 0) == 0) if (x9 != 0) {
        set_state_pc(x0, 0);
        set_state_epoch(x0, ~(state_epoch(x0)));
      }
      else if (x9 != 2) {
        set_state_pc(x0, 2);
        set_state_epoch(x0, ~(state_epoch(x0)));
      }
    }
  } else set_state_f2d_valid(x0, 0);
  if (state_f2d_valid(x0) == 0) {
    set_state_f2d_valid(x0, 1);
    set_state_f2d_epoch(x0, state_epoch(x0));
    int x10 = state_btb(x0);
    set_state_f2d_pc(x0, state_pc(x0));
    set_state_f2d_ppc(x0, x10);
    set_state_pc(x0, x10);
  }
  if (state_f2d_valid(x0) == 1) if (state_f2d_epoch(x0) == state_epoch(x0)) {
    int x11 = state_f2d_pc(x0);
    int x12 = state_f2d_ppc(x0);
    set_state_f2d_valid(x0, 0);
    if (x11 == 0) {
      set_state_reg(x0, 0, state_reg(x0, 0) + state_reg(x0, 0));
      if (x12 != 1) {
        set_state_pc(x0, 1);
        set_state_epoch(x0, ~(state_epoch(x0)));
      }
    }
    if (x11 == 1) {
      set_state_btb(x0, state_reg(x0, 0), 1);
      if (state_reg(x0, 0) == 0) if (x12 != 0) {
        set_state_pc(x0, 0);
        set_state_epoch(x0, ~(state_epoch(x0)));
      }
      else if (x12 != 2) {
        set_state_pc(x0, 2);
        set_state_epoch(x0, ~(state_epoch(x0)));
      }
    }
  } else set_state_f2d_valid(x0, 0);
  return x0];
}
/***************...&quot; did not equal &quot;...t ****************/
[bool Snippet(bool* x0) {
  bool x1 = x0[0];
  bool x2 = false;
  x0[1] = true;
  if (x1) {} else x2 = true;
  if (x2) x0[2] = true;
  else x0[2] = false;
  return x0[2]];
}
/***************...&quot; src/out/interpc_6.check.c
	at org.scalatest.Assertions.newAssertionFailedException(Assertions.scala:528)
	at org.scalatest.Assertions.newAssertionFailedException$(Assertions.scala:527)
	at org.scalatest.FunSuite.newAssertionFailedException(FunSuite.scala:1560)
	at org.scalatest.Assertions$AssertionsHelper.macroAssert(Assertions.scala:501)
	at lms.koika.TutorialFunSuite.check(utils.scala:64)
	at lms.koika.TutorialFunSuite.check$(utils.scala:47)
	at lms.koika.InterpCTest.check(interpc.scala:15)
	at lms.koika.InterpCTest.$anonfun$new$7(interpc.scala:259)
	at lms.core.utils$.time(utils.scala:20)
	at lms.koika.TutorialFunSuite.$anonfun$test$2(utils.scala:20)
	at lms.core.utils$.time(utils.scala:20)
	at lms.koika.TutorialFunSuite.$anonfun$test$1(utils.scala:20)
	at org.scalatest.OutcomeOf.outcomeOf(OutcomeOf.scala:85)
	at org.scalatest.OutcomeOf.outcomeOf$(OutcomeOf.scala:83)
	at org.scalatest.OutcomeOf$.outcomeOf(OutcomeOf.scala:104)
	at org.scalatest.Transformer.apply(Transformer.scala:22)
	at org.scalatest.Transformer.apply(Transformer.scala:20)
	at org.scalatest.FunSuiteLike$$anon$1.apply(FunSuiteLike.scala:186)
	at org.scalatest.TestSuite.withFixture(TestSuite.scala:196)
	at org.scalatest.TestSuite.withFixture$(TestSuite.scala:195)
	at org.scalatest.FunSuite.withFixture(FunSuite.scala:1560)
	at org.scalatest.FunSuiteLike.invokeWithFixture$1(FunSuiteLike.scala:184)
	at org.scalatest.FunSuiteLike.$anonfun$runTest$1(FunSuiteLike.scala:196)
	at org.scalatest.SuperEngine.runTestImpl(Engine.scala:289)
	at org.scalatest.FunSuiteLike.runTest(FunSuiteLike.scala:196)
	at org.scalatest.FunSuiteLike.runTest$(FunSuiteLike.scala:178)
	at org.scalatest.FunSuite.runTest(FunSuite.scala:1560)
	at org.scalatest.FunSuiteLike.$anonfun$runTests$1(FunSuiteLike.scala:229)
	at org.scalatest.SuperEngine.$anonfun$runTestsInBranch$1(Engine.scala:396)
	at scala.collection.immutable.List.foreach(List.scala:392)
	at org.scalatest.SuperEngine.traverseSubNodes$1(Engine.scala:384)
	at org.scalatest.SuperEngine.runTestsInBranch(Engine.scala:379)
	at org.scalatest.SuperEngine.runTestsImpl(Engine.scala:461)
	at org.scalatest.FunSuiteLike.runTests(FunSuiteLike.scala:229)
	at org.scalatest.FunSuiteLike.runTests$(FunSuiteLike.scala:228)
	at org.scalatest.FunSuite.runTests(FunSuite.scala:1560)
	at org.scalatest.Suite.run(Suite.scala:1147)
	at org.scalatest.Suite.run$(Suite.scala:1129)
	at org.scalatest.FunSuite.org$scalatest$FunSuiteLike$$super$run(FunSuite.scala:1560)
	at org.scalatest.FunSuiteLike.$anonfun$run$1(FunSuiteLike.scala:233)
	at org.scalatest.SuperEngine.runImpl(Engine.scala:521)
	at org.scalatest.FunSuiteLike.run(FunSuiteLike.scala:233)
	at org.scalatest.FunSuiteLike.run$(FunSuiteLike.scala:232)
	at org.scalatest.FunSuite.run(FunSuite.scala:1560)
	at org.scalatest.tools.Framework.org$scalatest$tools$Framework$$runSuite(Framework.scala:314)
	at org.scalatest.tools.Framework$ScalaTestTask.execute(Framework.scala:507)
	at sbt.TestRunner.runTest$1(TestFramework.scala:146)
	at sbt.TestRunner.run(TestFramework.scala:161)
	at sbt.TestFramework$$anon$3$$anonfun$$lessinit$greater$1.$anonfun$apply$1(TestFramework.scala:324)
	at sbt.TestFramework$.sbt$TestFramework$$withContextLoader(TestFramework.scala:284)
	at sbt.TestFramework$$anon$3$$anonfun$$lessinit$greater$1.apply(TestFramework.scala:324)
	at sbt.TestFramework$$anon$3$$anonfun$$lessinit$greater$1.apply(TestFramework.scala:324)
	at sbt.TestFunction.apply(TestFramework.scala:336)
	at sbt.Tests$.processRunnable$1(Tests.scala:474)
	at sbt.Tests$.$anonfun$makeSerial$1(Tests.scala:480)
	at sbt.std.Transform$$anon$3.$anonfun$apply$2(Transform.scala:46)
	at sbt.std.Transform$$anon$4.work(Transform.scala:68)
	at sbt.Execute.$anonfun$submit$2(Execute.scala:282)
	at sbt.internal.util.ErrorHandling$.wideConvert(ErrorHandling.scala:23)
	at sbt.Execute.work(Execute.scala:291)
	at sbt.Execute.$anonfun$submit$1(Execute.scala:282)
	at sbt.ConcurrentRestrictions$$anon$4.$anonfun$submitValid$1(ConcurrentRestrictions.scala:265)
	at sbt.CompletionService$$anon$2.call(CompletionService.scala:64)
	at java.util.concurrent.FutureTask.run(FutureTask.java:266)
	at java.util.concurrent.Executors$RunnableAdapter.call(Executors.java:511)
	at java.util.concurrent.FutureTask.run(FutureTask.java:266)
	at java.util.concurrent.ThreadPoolExecutor.runWorker(ThreadPoolExecutor.java:1149)
	at java.util.concurrent.ThreadPoolExecutor$Worker.run(ThreadPoolExecutor.java:624)
	at java.lang.Thread.run(Thread.java:750)
</failure>
                    </testcase>
          <system-out><![CDATA[]]></system-out>
          <system-err><![CDATA[]]></system-err>
        </testsuite>