<?xml version='1.0' encoding='UTF-8'?>
<testsuite hostname="NicksStinacMBP2.fios-router.home" name="lms.koika.InterpTest" tests="6" errors="0" failures="2" skipped="0" time="0.083" timestamp="2022-06-13T15:29:22">
          <properties>
[...]
</properties>
          <testcase classname="lms.koika.InterpTest" name="interp 1" time="0.006">
                      
                    </testcase><testcase classname="lms.koika.InterpTest" name="interp 2" time="0.008">
                      
                    </testcase><testcase classname="lms.koika.InterpTest" name="interp 3" time="0.018">
                      
                    </testcase><testcase classname="lms.koika.InterpTest" name="interp 4" time="0.009">
                      
                    </testcase><testcase classname="lms.koika.InterpTest" name="interp 5" time="0.024">
                      <failure message="&quot;...{
    x0(0) = 1
    [x0(1) = x0(1) + x0(1)
    val x1 = x0(0)
    if (x1 == 0) {
      x0(0) = 1
      x0(1) = x0(1) + x0(1)
    }
    if (x1 == 1) {
      x0(0) = 2
      if (x0(1) == 0) {
        x0(0) = 0
      }
    }
    val x2 = x0(0)
    if (x2 == 0) {
      x0(0) = 1
      x0(1) = x0(1) + x0(1)
    }
    if (x2 == 1) {
      x0(0) = 2
      if (x0(1) == 0) {
        x0(0) = 0
      }
    }
    val x3 = x0(0)
    if (x3 == 0) {
      x0(0) = 1
      x0(1) = x0(1) + x0(1)
    }
    if (x3 == 1) {
      x0(0) = 2
      if (x0(1) == 0) {
        x0(0) = 0
      }]
    }
    x0
  }
}
...&quot; did not equal &quot;...{
    x0(0) = 1
    [val x1 = x0(1) + x0(1)
    x0(1) = x1
    x0(0) = 2
    if (x1 == 0) {
      x0(0) = 0]
    }
    x0
  }
}
...&quot; src/out/interp_5.check.scala" type="org.scalatest.exceptions.TestFailedException">org.scalatest.exceptions.TestFailedException: &quot;...{
    x0(0) = 1
    [x0(1) = x0(1) + x0(1)
    val x1 = x0(0)
    if (x1 == 0) {
      x0(0) = 1
      x0(1) = x0(1) + x0(1)
    }
    if (x1 == 1) {
      x0(0) = 2
      if (x0(1) == 0) {
        x0(0) = 0
      }
    }
    val x2 = x0(0)
    if (x2 == 0) {
      x0(0) = 1
      x0(1) = x0(1) + x0(1)
    }
    if (x2 == 1) {
      x0(0) = 2
      if (x0(1) == 0) {
        x0(0) = 0
      }
    }
    val x3 = x0(0)
    if (x3 == 0) {
      x0(0) = 1
      x0(1) = x0(1) + x0(1)
    }
    if (x3 == 1) {
      x0(0) = 2
      if (x0(1) == 0) {
        x0(0) = 0
      }]
    }
    x0
  }
}
...&quot; did not equal &quot;...{
    x0(0) = 1
    [val x1 = x0(1) + x0(1)
    x0(1) = x1
    x0(0) = 2
    if (x1 == 0) {
      x0(0) = 0]
    }
    x0
  }
}
...&quot; src/out/interp_5.check.scala
	at org.scalatest.Assertions.newAssertionFailedException(Assertions.scala:528)
	at org.scalatest.Assertions.newAssertionFailedException$(Assertions.scala:527)
	at org.scalatest.FunSuite.newAssertionFailedException(FunSuite.scala:1560)
	at org.scalatest.Assertions$AssertionsHelper.macroAssert(Assertions.scala:501)
	at lms.koika.TutorialFunSuite.check(utils.scala:64)
	at lms.koika.TutorialFunSuite.check$(utils.scala:47)
	at lms.koika.InterpTest.check(interp.scala:8)
	at lms.koika.InterpTest.$anonfun$new$5(interp.scala:103)
	at lms.core.utils$.time(utils.scala:20)
	at lms.koika.TutorialFunSuite.$anonfun$test$2(utils.scala:20)
	at lms.core.utils$.time(utils.scala:20)
	at lms.koika.TutorialFunSuite.$anonfun$test$1(utils.scala:20)
	at org.scalatest.OutcomeOf.outcomeOf(OutcomeOf.scala:85)
	at org.scalatest.OutcomeOf.outcomeOf$(OutcomeOf.scala:83)
	at org.scalatest.OutcomeOf$.outcomeOf(OutcomeOf.scala:104)
	at org.scalatest.Transformer.apply(Transformer.scala:22)
	at org.scalatest.Transformer.apply(Transformer.scala:20)
	at org.scalatest.FunSuiteLike$$anon$1.apply(FunSuiteLike.scala:186)
	at org.scalatest.TestSuite.withFixture(TestSuite.scala:196)
	at org.scalatest.TestSuite.withFixture$(TestSuite.scala:195)
	at org.scalatest.FunSuite.withFixture(FunSuite.scala:1560)
	at org.scalatest.FunSuiteLike.invokeWithFixture$1(FunSuiteLike.scala:184)
	at org.scalatest.FunSuiteLike.$anonfun$runTest$1(FunSuiteLike.scala:196)
	at org.scalatest.SuperEngine.runTestImpl(Engine.scala:289)
	at org.scalatest.FunSuiteLike.runTest(FunSuiteLike.scala:196)
	at org.scalatest.FunSuiteLike.runTest$(FunSuiteLike.scala:178)
	at org.scalatest.FunSuite.runTest(FunSuite.scala:1560)
	at org.scalatest.FunSuiteLike.$anonfun$runTests$1(FunSuiteLike.scala:229)
	at org.scalatest.SuperEngine.$anonfun$runTestsInBranch$1(Engine.scala:396)
	at scala.collection.immutable.List.foreach(List.scala:392)
	at org.scalatest.SuperEngine.traverseSubNodes$1(Engine.scala:384)
	at org.scalatest.SuperEngine.runTestsInBranch(Engine.scala:379)
	at org.scalatest.SuperEngine.runTestsImpl(Engine.scala:461)
	at org.scalatest.FunSuiteLike.runTests(FunSuiteLike.scala:229)
	at org.scalatest.FunSuiteLike.runTests$(FunSuiteLike.scala:228)
	at org.scalatest.FunSuite.runTests(FunSuite.scala:1560)
	at org.scalatest.Suite.run(Suite.scala:1147)
	at org.scalatest.Suite.run$(Suite.scala:1129)
	at org.scalatest.FunSuite.org$scalatest$FunSuiteLike$$super$run(FunSuite.scala:1560)
	at org.scalatest.FunSuiteLike.$anonfun$run$1(FunSuiteLike.scala:233)
	at org.scalatest.SuperEngine.runImpl(Engine.scala:521)
	at org.scalatest.FunSuiteLike.run(FunSuiteLike.scala:233)
	at org.scalatest.FunSuiteLike.run$(FunSuiteLike.scala:232)
	at org.scalatest.FunSuite.run(FunSuite.scala:1560)
	at org.scalatest.tools.Framework.org$scalatest$tools$Framework$$runSuite(Framework.scala:314)
	at org.scalatest.tools.Framework$ScalaTestTask.execute(Framework.scala:507)
	at sbt.TestRunner.runTest$1(TestFramework.scala:146)
	at sbt.TestRunner.run(TestFramework.scala:161)
	at sbt.TestFramework$$anon$3$$anonfun$$lessinit$greater$1.$anonfun$apply$1(TestFramework.scala:324)
	at sbt.TestFramework$.sbt$TestFramework$$withContextLoader(TestFramework.scala:284)
	at sbt.TestFramework$$anon$3$$anonfun$$lessinit$greater$1.apply(TestFramework.scala:324)
	at sbt.TestFramework$$anon$3$$anonfun$$lessinit$greater$1.apply(TestFramework.scala:324)
	at sbt.TestFunction.apply(TestFramework.scala:336)
	at sbt.Tests$.processRunnable$1(Tests.scala:474)
	at sbt.Tests$.$anonfun$makeSerial$1(Tests.scala:480)
	at sbt.std.Transform$$anon$3.$anonfun$apply$2(Transform.scala:46)
	at sbt.std.Transform$$anon$4.work(Transform.scala:68)
	at sbt.Execute.$anonfun$submit$2(Execute.scala:282)
	at sbt.internal.util.ErrorHandling$.wideConvert(ErrorHandling.scala:23)
	at sbt.Execute.work(Execute.scala:291)
	at sbt.Execute.$anonfun$submit$1(Execute.scala:282)
	at sbt.ConcurrentRestrictions$$anon$4.$anonfun$submitValid$1(ConcurrentRestrictions.scala:265)
	at sbt.CompletionService$$anon$2.call(CompletionService.scala:64)
	at java.util.concurrent.FutureTask.run(FutureTask.java:266)
	at java.util.concurrent.Executors$RunnableAdapter.call(Executors.java:511)
	at java.util.concurrent.FutureTask.run(FutureTask.java:266)
	at java.util.concurrent.ThreadPoolExecutor.runWorker(ThreadPoolExecutor.java:1149)
	at java.util.concurrent.ThreadPoolExecutor$Worker.run(ThreadPoolExecutor.java:624)
	at java.lang.Thread.run(Thread.java:750)
</failure>
                    </testcase><testcase classname="lms.koika.InterpTest" name="simplify 5" time="0.018">
                      <failure message="&quot;...0
    x0(1) = 1
    [if (x0(0) == 0) {
      x0(0) = 1
    }
    if (x0(0) == 1) {
      x0(0) = 2
    }
    if (x0(0) == 2) {
      x0(0) = 3
    }]
    x0
  }
}
/*****...&quot; did not equal &quot;...0
    x0(1) = 1
    [x0(0) = 3]
    x0
  }
}
/*****...&quot; src/out/interp_5s.check.scala" type="org.scalatest.exceptions.TestFailedException">org.scalatest.exceptions.TestFailedException: &quot;...0
    x0(1) = 1
    [if (x0(0) == 0) {
      x0(0) = 1
    }
    if (x0(0) == 1) {
      x0(0) = 2
    }
    if (x0(0) == 2) {
      x0(0) = 3
    }]
    x0
  }
}
/*****...&quot; did not equal &quot;...0
    x0(1) = 1
    [x0(0) = 3]
    x0
  }
}
/*****...&quot; src/out/interp_5s.check.scala
	at org.scalatest.Assertions.newAssertionFailedException(Assertions.scala:528)
	at org.scalatest.Assertions.newAssertionFailedException$(Assertions.scala:527)
	at org.scalatest.FunSuite.newAssertionFailedException(FunSuite.scala:1560)
	at org.scalatest.Assertions$AssertionsHelper.macroAssert(Assertions.scala:501)
	at lms.koika.TutorialFunSuite.check(utils.scala:64)
	at lms.koika.TutorialFunSuite.check$(utils.scala:47)
	at lms.koika.InterpTest.check(interp.scala:8)
	at lms.koika.InterpTest.$anonfun$new$6(interp.scala:126)
	at lms.core.utils$.time(utils.scala:20)
	at lms.koika.TutorialFunSuite.$anonfun$test$2(utils.scala:20)
	at lms.core.utils$.time(utils.scala:20)
	at lms.koika.TutorialFunSuite.$anonfun$test$1(utils.scala:20)
	at org.scalatest.OutcomeOf.outcomeOf(OutcomeOf.scala:85)
	at org.scalatest.OutcomeOf.outcomeOf$(OutcomeOf.scala:83)
	at org.scalatest.OutcomeOf$.outcomeOf(OutcomeOf.scala:104)
	at org.scalatest.Transformer.apply(Transformer.scala:22)
	at org.scalatest.Transformer.apply(Transformer.scala:20)
	at org.scalatest.FunSuiteLike$$anon$1.apply(FunSuiteLike.scala:186)
	at org.scalatest.TestSuite.withFixture(TestSuite.scala:196)
	at org.scalatest.TestSuite.withFixture$(TestSuite.scala:195)
	at org.scalatest.FunSuite.withFixture(FunSuite.scala:1560)
	at org.scalatest.FunSuiteLike.invokeWithFixture$1(FunSuiteLike.scala:184)
	at org.scalatest.FunSuiteLike.$anonfun$runTest$1(FunSuiteLike.scala:196)
	at org.scalatest.SuperEngine.runTestImpl(Engine.scala:289)
	at org.scalatest.FunSuiteLike.runTest(FunSuiteLike.scala:196)
	at org.scalatest.FunSuiteLike.runTest$(FunSuiteLike.scala:178)
	at org.scalatest.FunSuite.runTest(FunSuite.scala:1560)
	at org.scalatest.FunSuiteLike.$anonfun$runTests$1(FunSuiteLike.scala:229)
	at org.scalatest.SuperEngine.$anonfun$runTestsInBranch$1(Engine.scala:396)
	at scala.collection.immutable.List.foreach(List.scala:392)
	at org.scalatest.SuperEngine.traverseSubNodes$1(Engine.scala:384)
	at org.scalatest.SuperEngine.runTestsInBranch(Engine.scala:379)
	at org.scalatest.SuperEngine.runTestsImpl(Engine.scala:461)
	at org.scalatest.FunSuiteLike.runTests(FunSuiteLike.scala:229)
	at org.scalatest.FunSuiteLike.runTests$(FunSuiteLike.scala:228)
	at org.scalatest.FunSuite.runTests(FunSuite.scala:1560)
	at org.scalatest.Suite.run(Suite.scala:1147)
	at org.scalatest.Suite.run$(Suite.scala:1129)
	at org.scalatest.FunSuite.org$scalatest$FunSuiteLike$$super$run(FunSuite.scala:1560)
	at org.scalatest.FunSuiteLike.$anonfun$run$1(FunSuiteLike.scala:233)
	at org.scalatest.SuperEngine.runImpl(Engine.scala:521)
	at org.scalatest.FunSuiteLike.run(FunSuiteLike.scala:233)
	at org.scalatest.FunSuiteLike.run$(FunSuiteLike.scala:232)
	at org.scalatest.FunSuite.run(FunSuite.scala:1560)
	at org.scalatest.tools.Framework.org$scalatest$tools$Framework$$runSuite(Framework.scala:314)
	at org.scalatest.tools.Framework$ScalaTestTask.execute(Framework.scala:507)
	at sbt.TestRunner.runTest$1(TestFramework.scala:146)
	at sbt.TestRunner.run(TestFramework.scala:161)
	at sbt.TestFramework$$anon$3$$anonfun$$lessinit$greater$1.$anonfun$apply$1(TestFramework.scala:324)
	at sbt.TestFramework$.sbt$TestFramework$$withContextLoader(TestFramework.scala:284)
	at sbt.TestFramework$$anon$3$$anonfun$$lessinit$greater$1.apply(TestFramework.scala:324)
	at sbt.TestFramework$$anon$3$$anonfun$$lessinit$greater$1.apply(TestFramework.scala:324)
	at sbt.TestFunction.apply(TestFramework.scala:336)
	at sbt.Tests$.processRunnable$1(Tests.scala:474)
	at sbt.Tests$.$anonfun$makeSerial$1(Tests.scala:480)
	at sbt.std.Transform$$anon$3.$anonfun$apply$2(Transform.scala:46)
	at sbt.std.Transform$$anon$4.work(Transform.scala:68)
	at sbt.Execute.$anonfun$submit$2(Execute.scala:282)
	at sbt.internal.util.ErrorHandling$.wideConvert(ErrorHandling.scala:23)
	at sbt.Execute.work(Execute.scala:291)
	at sbt.Execute.$anonfun$submit$1(Execute.scala:282)
	at sbt.ConcurrentRestrictions$$anon$4.$anonfun$submitValid$1(ConcurrentRestrictions.scala:265)
	at sbt.CompletionService$$anon$2.call(CompletionService.scala:64)
	at java.util.concurrent.FutureTask.run(FutureTask.java:266)
	at java.util.concurrent.Executors$RunnableAdapter.call(Executors.java:511)
	at java.util.concurrent.FutureTask.run(FutureTask.java:266)
	at java.util.concurrent.ThreadPoolExecutor.runWorker(ThreadPoolExecutor.java:1149)
	at java.util.concurrent.ThreadPoolExecutor$Worker.run(ThreadPoolExecutor.java:624)
	at java.lang.Thread.run(Thread.java:750)
</failure>
                    </testcase>
          <system-out><![CDATA[]]></system-out>
          <system-err><![CDATA[]]></system-err>
        </testsuite>